proguard/seeds.txt
com.happyReading.Dialog2Activity
com.happyReading.Dialog2Activity: void onClick(android.view.View)
com.happyReading.DialogActivity
com.happyReading.DialogActivity: void onClick(android.view.View)
com.happyReading.DownloadActivity
com.happyReading.HomeTabActivity
com.happyReading.R$color: int black
com.happyReading.R$color: int cancel_attention
com.happyReading.R$color: int color_hei_8
com.happyReading.R$color: int color_zuiqianhui
com.happyReading.R$color: int grey
com.happyReading.R$color: int list_bg
com.happyReading.R$color: int list_divider
com.happyReading.R$color: int navbar_text_color_nor
com.happyReading.R$color: int search_book_bg
com.happyReading.R$color: int search_book_font
com.happyReading.R$color: int search_cancel_btn_text_color_selector
com.happyReading.R$color: int separator_line
com.happyReading.R$color: int shelf_book_text
com.happyReading.R$color: int tab_main
com.happyReading.R$color: int text_color
com.happyReading.R$color: int text_color_hint
com.happyReading.R$color: int top_and_bottom_bg
com.happyReading.R$color: int toptitle
com.happyReading.R$color: int transparent
com.happyReading.R$color: int transparent_white
com.happyReading.R$color: int white
com.happyReading.R$dimen: int dimen_0_5_dip
com.happyReading.R$dimen: int dimen_0_dip
com.happyReading.R$dimen: int dimen_100_dip
com.happyReading.R$dimen: int dimen_10_dip
com.happyReading.R$dimen: int dimen_120_dip
com.happyReading.R$dimen: int dimen_12_dip
com.happyReading.R$dimen: int dimen_130_dip
com.happyReading.R$dimen: int dimen_13_dip
com.happyReading.R$dimen: int dimen_140_dip
com.happyReading.R$dimen: int dimen_14_dip
com.happyReading.R$dimen: int dimen_150_dip
com.happyReading.R$dimen: int dimen_15_dip
com.happyReading.R$dimen: int dimen_160_dip
com.happyReading.R$dimen: int dimen_16_dip
com.happyReading.R$dimen: int dimen_170_dip
com.happyReading.R$dimen: int dimen_17_dip
com.happyReading.R$dimen: int dimen_180_dip
com.happyReading.R$dimen: int dimen_18_dip
com.happyReading.R$dimen: int dimen_19_dip
com.happyReading.R$dimen: int dimen_1_dip
com.happyReading.R$dimen: int dimen_200_dip
com.happyReading.R$dimen: int dimen_20_dip
com.happyReading.R$dimen: int dimen_220_dip
com.happyReading.R$dimen: int dimen_22_dip
com.happyReading.R$dimen: int dimen_230_dip
com.happyReading.R$dimen: int dimen_240_dip
com.happyReading.R$dimen: int dimen_25_dip
com.happyReading.R$dimen: int dimen_260_dip
com.happyReading.R$dimen: int dimen_28_dip
com.happyReading.R$dimen: int dimen_2_dip
com.happyReading.R$dimen: int dimen_300_dip
com.happyReading.R$dimen: int dimen_304_dip
com.happyReading.R$dimen: int dimen_30_dip
com.happyReading.R$dimen: int dimen_32_dip
...
net.youmi.android.a.i.b.c
net.youmi.android.a.i.b.c: c()
net.youmi.android.a.i.b.c: java.lang.String a(net.youmi.android.a.i.d,net.youmi.android.a.i.a,java.lang.String)
net.youmi.android.a.i.b.c: org.json.JSONObject a(net.youmi.android.a.i.d,net.youmi.android.a.i.a)
net.youmi.android.a.i.b.c.a
net.youmi.android.a.i.b.c.a: a()
net.youmi.android.a.i.b.c.a: org.json.JSONObject a(net.youmi.android.a.i.d,net.youmi.android.a.i.a,org.json.JSONObject)
net.youmi.android.a.i.b.c.b
net.youmi.android.a.i.b.c.b: b()
net.youmi.android.a.i.b.c.b: org.json.JSONObject a(net.youmi.android.a.i.d,net.youmi.android.a.i.a,org.json.JSONObject)
net.youmi.android.a.i.b.c.c
net.youmi.android.a.i.b.c.c: c()
net.youmi.android.a.i.b.c.c: org.json.JSONObject a(net.youmi.android.a.i.d,net.youmi.android.a.i.a,org.json.JSONObject)
net.youmi.android.a.i.b.d
net.youmi.android.a.i.b.d: d()
net.youmi.android.a.i.b.d: java.lang.String a(net.youmi.android.a.i.d,net.youmi.android.a.i.a,java.lang.String)
net.youmi.android.a.i.b.d: org.json.JSONObject a(net.youmi.android.a.i.d,net.youmi.android.a.i.a,org.json.JSONObject)
net.youmi.android.a.i.b.d.a
net.youmi.android.a.i.b.d.a: a()
net.youmi.android.a.i.b.d.a: org.json.JSONObject a(net.youmi.android.a.i.d,net.youmi.android.a.i.a)
net.youmi.android.a.i.b.d.b
net.youmi.android.a.i.b.d.b: b()
net.youmi.android.a.i.b.d.b: org.json.JSONObject a(net.youmi.android.a.i.d,net.youmi.android.a.i.a)
net.youmi.android.a.i.b.e.a
net.youmi.android.a.i.b.e.a: a()
net.youmi.android.a.i.b.e.a: org.json.JSONObject a(net.youmi.android.a.i.d,net.youmi.android.a.i.a)
net.youmi.android.a.i.b.e.b
net.youmi.android.a.i.b.e.b: b()
net.youmi.android.a.i.b.e.b: org.json.JSONObject a(net.youmi.android.a.i.d,net.youmi.android.a.i.a,org.json.JSONObject)
net.youmi.android.a.i.b.e.c
net.youmi.android.a.i.b.e.c: c()
net.youmi.android.a.i.b.e.c: org.json.JSONObject a(net.youmi.android.a.i.d,net.youmi.android.a.i.a,org.json.JSONObject)
net.youmi.android.a.i.b.e.d
net.youmi.android.a.i.b.e.d: d()
net.youmi.android.a.i.b.e.d: org.json.JSONObject a(net.youmi.android.a.i.d,net.youmi.android.a.i.a,org.json.JSONObject)
net.youmi.android.a.i.b.e.e
net.youmi.android.a.i.b.e.e: e()
net.youmi.android.a.i.b.e.e: org.json.JSONObject a(net.youmi.android.a.i.d,net.youmi.android.a.i.a,org.json.JSONObject)
net.youmi.android.a.i.b.f.a
net.youmi.android.a.i.b.f.a: a()
net.youmi.android.a.i.b.f.a: org.json.JSONObject a(net.youmi.android.a.i.d,net.youmi.android.a.i.a,org.json.JSONObject)
net.youmi.android.a.i.b.f.b
net.youmi.android.a.i.b.f.b: android.content.Context a
net.youmi.android.a.i.b.f.b: java.lang.String b
net.youmi.android.a.i.b.f.b: int c
net.youmi.android.a.i.b.f.b: net.youmi.android.a.i.b.f.a d
net.youmi.android.a.i.b.f.b: b(net.youmi.android.a.i.b.f.a,android.content.Context,java.lang.String,int)
net.youmi.android.a.i.b.f.b: void run()
net.youmi.android.a.i.b.f.c
net.youmi.android.a.i.b.f.c: c()
net.youmi.android.a.i.b.f.c: org.json.JSONObject a(net.youmi.android.a.i.d,net.youmi.android.a.i.a,org.json.JSONObject)
net.youmi.android.a.i.b.g.a
net.youmi.android.a.i.b.g.a: a()
net.youmi.android.a.i.b.g.a: org.json.JSONObject a(net.youmi.android.a.i.d,net.youmi.android.a.i.a)
net.youmi.android.a.i.b.g.b
net.youmi.android.a.i.b.g.b: b()
net.youmi.android.a.i.b.g.b: org.json.JSONObject a(net.youmi.android.a.i.d,net.youmi.android.a.i.a,org.json.JSONObject)
net.youmi.android.a.i.b.g.c
net.youmi.android.a.i.b.g.c: int[] a
net.youmi.android.a.i.b.g.c: void <clinit>()
net.youmi.android.a.i.b.g.d
net.youmi.android.a.i.b.g.d: d()
net.youmi.android.a.i.b.g.d: org.json.JSONObject a(net.youmi.android.a.i.d,net.youmi.android.a.i.a,org.json.JSONObject)
net.youmi.android.a.i.b.g.e
net.youmi.android.a.i.b.g.e: int[] a
net.youmi.android.a.i.b.g.e: void <clinit>()
net.youmi.android.a.i.b.h.a
net.youmi.android.a.i.b.h.a: a()
net.youmi.android.a.i.b.h.a: org.json.JSONObject a(net.youmi.android.a.i.d,net.youmi.android.a.i.a,org.json.JSONObject)