proguard/mapping.txt
com.happyReading.Dialog2Activity -> com.happyReading.Dialog2Activity:
    android.widget.TextView tv_dialog_title -> a
    android.widget.TextView tv_dialog_message -> b
    android.widget.Button button1 -> c
    android.widget.Button button2 -> d
    java.lang.String novelName -> e
    java.lang.String novelMessage -> f
    android.content.Intent intent -> g
    int style -> h
    void onCreate(android.os.Bundle) -> onCreate
    void init() -> a
    void onClick(android.view.View) -> onClick
    void onResume() -> onResume
    void onPause() -> onPause
com.happyReading.DialogActivity -> com.happyReading.DialogActivity:
    android.widget.TextView tv_dialog_title -> a
    android.widget.TextView tv_dialog_message -> b
    android.widget.Button sureButton -> c
    android.widget.Button cancelButton -> d
    java.lang.String novelName -> e
    java.lang.String novelMessage -> f
    android.content.Intent intent -> g
    void onCreate(android.os.Bundle) -> onCreate
    void init() -> a
    void onClick(android.view.View) -> onClick
    void onResume() -> onResume
    void onPause() -> onPause
com.happyReading.DownloadActivity -> com.happyReading.DownloadActivity:
    android.widget.RadioGroup loadGroup -> b
    android.widget.RadioButton radio_button_loading -> c
    android.widget.ListView lv_load_show_list -> d
    int chooseNum -> e
    com.happyReading.DownloadActivity$LoadShowListAdapter adapter -> f
    java.util.List loadingAndWaitLoadNovels -> g
    java.util.List loadedNovels -> h
    java.lang.String loadSDPath -> a
    android.content.SharedPreferences sp -> i
    int[] topBgResource -> j
    void onCreate(android.os.Bundle) -> onCreate
    void findView() -> a
    void init() -> b
    void onResume() -> onResume
    void setListener() -> c
    void getData() -> d
    void setAdapter() -> e
    void loadNovel(java.lang.String,java.lang.String,android.widget.TextView,java.lang.String) -> a
    int access$0(com.happyReading.DownloadActivity) -> a
    java.util.List access$1(com.happyReading.DownloadActivity) -> b
    java.util.List access$2(com.happyReading.DownloadActivity) -> c
    void access$3(com.happyReading.DownloadActivity) -> d
    void access$4(com.happyReading.DownloadActivity,java.lang.String,java.lang.String,android.widget.TextView,java.lang.String) -> a
    void access$5(com.happyReading.DownloadActivity,int) -> a
com.happyReading.DownloadActivity$1 -> com.happyReading.a:
    com.happyReading.DownloadActivity this$0 -> a
    void onCheckedChanged(android.widget.RadioGroup,int) -> onCheckedChanged
com.happyReading.DownloadActivity$2 -> com.happyReading.b:
    com.happyReading.DownloadActivity this$0 -> a
    android.widget.TextView val$tv -> b
    java.lang.String val$txtName -> c
    void onPreExecute() -> onPreExecute
    void onPostExecute(com.happyReading.bean.DetailedNovelInfo) -> a
    com.happyReading.bean.DetailedNovelInfo doInBackground(java.lang.String[]) -> a
    void onPostExecute(java.lang.Object) -> onPostExecute
    java.lang.Object doInBackground(java.lang.Object[]) -> doInBackground
com.happyReading.DownloadActivity$2$1 -> com.happyReading.c:
    com.happyReading.DownloadActivity$2 this$1 -> a
    com.happyReading.download.NovelDownload val$loader -> b
    void run() -> run
com.happyReading.DownloadActivity$LoadListViewHolder -> com.happyReading.d:
    android.widget.Button load_book_button1 -> a
    android.widget.Button load_book_button2 -> b
    android.widget.TextView tv_book_name -> c
    android.widget.TextView tv_book_auther -> d
    android.widget.TextView tv_book_order_num -> e
    android.widget.TextView tv_book_name2 -> f
    android.widget.TextView tv_book_auther2 -> g
    android.widget.TextView tv_book_lastest -> h
    android.widget.TextView tv_book_load_progress -> i
...
com.umeng.common.Log -> com.umeng.common.a:
    boolean LOG -> a
    void a(java.lang.String,java.lang.String) -> a
    void a(java.lang.String,java.lang.String,java.lang.Exception) -> a
    void b(java.lang.String,java.lang.String) -> b
    void b(java.lang.String,java.lang.String,java.lang.Exception) -> b
    void c(java.lang.String,java.lang.String) -> c
    void c(java.lang.String,java.lang.String,java.lang.Exception) -> c
    void e(java.lang.String,java.lang.String) -> d
    void e(java.lang.String,java.lang.String,java.lang.Exception) -> d
com.umeng.common.a.a -> com.umeng.common.a.a:
    int a(android.content.Context) -> a
    int b(android.content.Context) -> b
    int c(android.content.Context) -> c
    int d(android.content.Context) -> d
    int e(android.content.Context) -> e
    int f(android.content.Context) -> f
    int h(android.content.Context) -> g
com.umeng.common.a.b -> com.umeng.common.a.b:
    int a(android.content.Context) -> a
com.umeng.common.a.c -> com.umeng.common.a.c:
    int a(android.content.Context) -> a
    int b(android.content.Context) -> b
    int c(android.content.Context) -> c
    int d(android.content.Context) -> d
    int e(android.content.Context) -> e
    int g(android.content.Context) -> f
    int h(android.content.Context) -> g
com.umeng.common.b -> com.umeng.common.b:
    java.lang.String a -> a
    java.lang.String d(android.content.Context) -> a
    java.lang.String e(android.content.Context) -> b
    boolean a(android.content.Context,java.lang.String) -> a
    java.lang.String a() -> a
    java.lang.String g(android.content.Context) -> c
    java.lang.String h(android.content.Context) -> d
    java.lang.String[] k(android.content.Context) -> e
    boolean l(android.content.Context) -> f
    android.location.Location m(android.content.Context) -> g
    boolean n(android.content.Context) -> h
    boolean b() -> b
    int o(android.content.Context) -> i
    java.lang.String[] p(android.content.Context) -> j
    java.util.Locale y(android.content.Context) -> r
    java.lang.String q(android.content.Context) -> k
    java.lang.String r(android.content.Context) -> l
    java.lang.String s(android.content.Context) -> m
    int a(java.lang.Object,java.lang.String) -> a
    java.lang.String t(android.content.Context) -> n
    java.lang.String a(java.util.Date) -> a
    java.lang.String u(android.content.Context) -> o
    java.lang.String v(android.content.Context) -> p
    java.lang.String w(android.content.Context) -> q
com.umeng.common.c -> com.umeng.common.c:
    java.lang.String a -> a
    com.umeng.common.c b -> b
    android.content.Context c -> c
    java.lang.Class d -> d
    java.lang.Class e -> e
    java.lang.Class f -> f
    java.lang.Class g -> g
    java.lang.Class h -> h
    java.lang.Class i -> i
    java.lang.Class j -> j
    com.umeng.common.c a(android.content.Context) -> a
    int b(java.lang.String) -> a
    int c(java.lang.String) -> b
    int d(java.lang.String) -> c
    int f(java.lang.String) -> d
    int a(java.lang.Class,java.lang.String) -> a