proguard/usage.txt
com.happyReading.BuildConfig
com.happyReading.Dialog2Activity:
    public static final int BUTTON1
    public static final int BUTTON2
com.happyReading.DialogActivity:
    public static final int SURE
    public static final int CANCLE
com.happyReading.DownloadActivity:
    private static final int CHOOSE_LOADING
    private static final int CHOOSE_LOADED
com.happyReading.R
com.happyReading.R$attr
com.happyReading.R$color
com.happyReading.R$dimen
com.happyReading.R$drawable
com.happyReading.R$id
com.happyReading.R$layout
com.happyReading.R$string
com.happyReading.R$style
com.happyReading.SearchActivity:
    public static final int ONLINE_ONE
    public static final int ONLINE_MORE
    public static final int LOAD_ONE
    public static final int LOAD_MORE
com.happyReading.ShelfActivity:
    private static final int ONLINE
    private static final int NOT_ONLINE
com.happyReading.SplashActivity:
    private static final int COPY_DB_ERROR
    private static final int COPY_DB_SUCCESS
    private static final int COPY_DB_ALREADY_HAVE
    public static final int PARSE_SUCCESS
    public static final int PARSE_ERROR
    public static final int SERVER_ERROR
    public static final int URL_ERROR
    public static final int URL_CANT_FIND
    public static final int NETWORK_ERROR
    private static final int DOWNLOAD_SUCCESS
    private static final int DOWNLOAD_ERROR
    private static final int UPDATA
com.happyReading.bean.NovelInfo:
    16:16:public java.lang.String getNovelLastChapterUrl()
    24:24:public java.lang.String getNovelLastChapterName()
    40:40:public java.lang.String getNovelMoreUrl()
com.happyReading.bean.SimpleNovelInfo:
    32:32:public java.lang.String getNovelComeFrom()
com.happyReading.bean.UpdateInfo:
    18:18:public java.lang.String getDescription()
com.happyReading.dao.NovelDao:
    private static final java.lang.String path
    13:13:public NovelDao()
    64:79:public static void insertNovel(com.happyReading.bean.DetailedNovelNoListInfo)
    250:255:public static void setNovelNotInshelf(int)
    327:332:public static void setNovelInshelf(int)
    427:436:public static void setNovelOnlineAndInShelf(com.happyReading.bean.DetailedNovelNoListInfo)
    610:610:public static java.util.List getNovelsInShelf()
    648:656:private static int getNovelsCountByColumnName(java.lang.String)
    666:666:public static int getNovelsInShelfCount()
    676:676:public static int getNovelsLoadingCount()
    686:686:public static int getNovelsLoadedCount()
    696:696:public static int getNovelsWaitLoadCount()
    707:718:public static int isNovelAlreadyHave(com.happyReading.bean.BaseNovelInfo)
    954:964:public static int getNovelTxtLen(int)
com.happyReading.dao.ShelfDao:
    private static final java.lang.String path
    11:11:public ShelfDao()
    19:26:public static int getShelfNovelCount()
com.happyReading.domain.Novel:
    27:27:public int getReadedChapterIndex()
    35:35:public int getReadBegin()
    43:43:public int getReadEnd()
    51:51:public int getTxtLen()
    59:59:public int getLoadedChapterNum()
    99:99:public java.lang.String getSummary()
    123:123:public java.lang.String getLastChapterUrl()
    147:147:public int getWaitLoad()
com.happyReading.domain.Shelf:
    35:41:public static int addNovel(int)
    50:57:public static int deleteNovel(int)
    66:73:public static int deleteNovelTotally(int)
    82:91:public static int setNovelLastRead(int)
    99:99:public static int novelCount()
com.happyReading.download.NovelDownload:
    public static final int TASK_NUM_MAX
    144:144:public int getStartChapterNum()
    152:152:public boolean isPause()
com.happyReading.engine.UpdateInfoProvider:
    17:17:public UpdateInfoProvider()
com.happyReading.net.NetUtil:
    16:16:public boolean isWifi()
...
com.umeng.common.util.i
net.htmlparser.jericho.Attribute:
    static final java.lang.String CHECKED
    static final java.lang.String CLASS
    static final java.lang.String DISABLED
    static final java.lang.String ID
    static final java.lang.String MULTIPLE
    static final java.lang.String NAME
    static final java.lang.String SELECTED
    static final java.lang.String STYLE
    static final java.lang.String TYPE
    static final java.lang.String VALUE
    public java.lang.String getName()
    public net.htmlparser.jericho.Segment getNameSegment()
    public net.htmlparser.jericho.Segment getValueSegmentIncludingQuotes()
    public char getQuoteChar()
    net.htmlparser.jericho.Tag appendTidy(java.lang.Appendable,net.htmlparser.jericho.Tag)
    private static void appendTidyValue(java.lang.Appendable,java.lang.CharSequence)
    static java.lang.Appendable appendHTML(java.lang.Appendable,java.lang.CharSequence,java.lang.CharSequence)
net.htmlparser.jericho.Attributes:
    static net.htmlparser.jericho.Attributes construct(net.htmlparser.jericho.Source,int,int,int,net.htmlparser.jericho.StartTagType,java.lang.String,int)
    static net.htmlparser.jericho.Attributes construct(net.htmlparser.jericho.Source,int,int,int)
    java.lang.String getRawValue(java.lang.String)
    public java.util.Map populateMap(java.util.Map,boolean)
    public static int getDefaultMaxErrorCount()
    public static void setDefaultMaxErrorCount(int)
    public static java.lang.String generateHTML(java.util.Map)
    static void appendHTML(java.lang.Appendable,java.util.Map)
    java.lang.Appendable appendTidy(java.lang.Appendable,net.htmlparser.jericho.Tag)
    java.util.Map getMap(boolean)
net.htmlparser.jericho.AttributesOutputSegment
net.htmlparser.jericho.BlankOutputSegment:
    public BlankOutputSegment(int,int)
    public BlankOutputSegment(net.htmlparser.jericho.Segment)
    public void writeTo(java.io.Writer)
    public java.lang.String getDebugInfo()
net.htmlparser.jericho.Cache:
    public java.util.Iterator getTagIterator()
net.htmlparser.jericho.CharOutputSegment
net.htmlparser.jericho.CharSequenceParseText:
    public final int lastIndexOf(char,int)
    public final int lastIndexOf(java.lang.String,int)
net.htmlparser.jericho.CharStreamSource:
    public abstract void writeTo(java.io.Writer)
    public abstract java.lang.String toString()
net.htmlparser.jericho.CharStreamSourceUtil:
    private static final int DEFAULT_ESTIMATED_MAXIMUM_OUTPUT_LENGTH
    private CharStreamSourceUtil()
    public static java.io.Reader getReader(net.htmlparser.jericho.CharStreamSource)